<?xml version="1.0" encoding="UTF-8"?>
<robot generator="Robot 7.1.1 (Python 3.12.8 on linux)" generated="2025-02-02T09:46:52.341296" rpa="false" schemaversion="5">
<suite id="s1" name="Post Testes" source="/home/juniorsmartins/workspace/nomad/robot_framework/tests/accounting/post_testes.robot">
<test id="s1-t1" name="Cenario 0: verificar palavras chaves" line="7">
<kw name="Gerar UUID" owner="accounting">
<kw name="Evaluate" owner="BuiltIn">
<msg time="2025-02-02T09:46:52.404635" level="INFO">${uuid} = ece24c44-3286-4518-9939-6421c528a790</msg>
<var>${uuid}</var>
<arg>str(uuid.uuid4())</arg>
<arg>modules=uuid</arg>
<doc>Evaluates the given expression in Python and returns the result.</doc>
<status status="PASS" start="2025-02-02T09:46:52.403158" elapsed="0.001504"/>
</kw>
<kw name="Log" owner="BuiltIn">
<msg time="2025-02-02T09:46:52.404873" level="INFO">Uuid gerado: ece24c44-3286-4518-9939-6421c528a790</msg>
<arg>Uuid gerado: ${uuid}</arg>
<doc>Logs the given message with the given level.</doc>
<status status="PASS" start="2025-02-02T09:46:52.404763" elapsed="0.000152"/>
</kw>
<return>
<value>${uuid}</value>
<status status="PASS" start="2025-02-02T09:46:52.404952" elapsed="0.000029"/>
</return>
<status status="PASS" start="2025-02-02T09:46:52.402817" elapsed="0.002234"/>
</kw>
<kw name="Gerar Ano" owner="accounting">
<kw name="Evaluate" owner="BuiltIn">
<msg time="2025-02-02T09:46:52.405470" level="INFO">${ano} = 1929</msg>
<var>${ano}</var>
<arg>random.randint(1800, 2025)</arg>
<arg>modules=random</arg>
<doc>Evaluates the given expression in Python and returns the result.</doc>
<status status="PASS" start="2025-02-02T09:46:52.405318" elapsed="0.000169"/>
</kw>
<kw name="Log" owner="BuiltIn">
<msg time="2025-02-02T09:46:52.405632" level="INFO">Ano gerado: 1929</msg>
<arg>Ano gerado: ${ano}</arg>
<doc>Logs the given message with the given level.</doc>
<status status="PASS" start="2025-02-02T09:46:52.405554" elapsed="0.000100"/>
</kw>
<return>
<value>${ano}</value>
<status status="PASS" start="2025-02-02T09:46:52.405680" elapsed="0.000024"/>
</return>
<status status="PASS" start="2025-02-02T09:46:52.405173" elapsed="0.000588"/>
</kw>
<status status="PASS" start="2025-02-02T09:46:52.402411" elapsed="0.003428"/>
</test>
<test id="s1-t2" name="Cenario 1: cadastrar um novo Cashbook com sucesso" line="11">
<kw name="Gerar Cashbook" owner="accounting">
<kw name="Gerar Ano" owner="accounting">
<kw name="Evaluate" owner="BuiltIn">
<msg time="2025-02-02T09:46:52.406647" level="INFO">${ano} = 1961</msg>
<var>${ano}</var>
<arg>random.randint(1800, 2025)</arg>
<arg>modules=random</arg>
<doc>Evaluates the given expression in Python and returns the result.</doc>
<status status="PASS" start="2025-02-02T09:46:52.406408" elapsed="0.000256"/>
</kw>
<kw name="Log" owner="BuiltIn">
<msg time="2025-02-02T09:46:52.406812" level="INFO">Ano gerado: 1961</msg>
<arg>Ano gerado: ${ano}</arg>
<doc>Logs the given message with the given level.</doc>
<status status="PASS" start="2025-02-02T09:46:52.406738" elapsed="0.000095"/>
</kw>
<return>
<value>${ano}</value>
<status status="PASS" start="2025-02-02T09:46:52.406858" elapsed="0.000022"/>
</return>
<msg time="2025-02-02T09:46:52.406947" level="INFO">${ano} = 1961</msg>
<var>${ano}</var>
<status status="PASS" start="2025-02-02T09:46:52.406295" elapsed="0.000663"/>
</kw>
<kw name="Log" owner="BuiltIn">
<msg time="2025-02-02T09:46:52.407074" level="INFO">Ano: 1961</msg>
<arg>Ano: ${ano}</arg>
<doc>Logs the given message with the given level.</doc>
<status status="PASS" start="2025-02-02T09:46:52.407009" elapsed="0.000085"/>
</kw>
<status status="PASS" start="2025-02-02T09:46:52.406142" elapsed="0.000979"/>
</kw>
<status status="PASS" start="2025-02-02T09:46:52.405957" elapsed="0.001234"/>
</test>
<status status="PASS" start="2025-02-02T09:46:52.341881" elapsed="0.065512"/>
</suite>
<statistics>
<total>
<stat pass="2" fail="0" skip="0">All Tests</stat>
</total>
<tag>
</tag>
<suite>
<stat pass="2" fail="0" skip="0" id="s1" name="Post Testes">Post Testes</stat>
</suite>
</statistics>
<errors>
<msg time="2025-02-02T09:46:52.356182" level="WARN">Error in file '/home/juniorsmartins/workspace/nomad/robot_framework/resources/accounting.resource' on line 9: The '[Return]' setting is deprecated. Use the 'RETURN' statement instead.</msg>
<msg time="2025-02-02T09:46:52.356275" level="WARN">Error in file '/home/juniorsmartins/workspace/nomad/robot_framework/resources/accounting.resource' on line 14: The '[Return]' setting is deprecated. Use the 'RETURN' statement instead.</msg>
</errors>
</robot>
