<?xml version="1.0" encoding="UTF-8"?>
<robot generator="Robot 7.1.1 (Python 3.12.8 on linux)" generated="2025-01-08T11:56:07.863951" rpa="false" schemaversion="5">
<suite id="s1" name="Amazon Testes" source="/home/juniorsmartins/workspace/nomad/robot_framework/web_testing/amazon_testes.robot">
<test id="s1-t1" name="Caso de Teste 01 - acesso ao menu &quot;Eletrônicos&quot;" line="8">
<kw name="Abrir o navegador" owner="amazon_resources" type="SETUP">
<kw name="Open Browser" owner="SeleniumLibrary">
<msg time="2025-01-08T11:56:07.950376" level="INFO">Opening browser 'chrome' to base url 'None'.</msg>
<arg>browser=chrome</arg>
<doc>Opens a new browser instance to the optional ``url``.</doc>
<status status="PASS" start="2025-01-08T11:56:07.950210" elapsed="0.452635"/>
</kw>
<kw name="Maximize Browser Window" owner="SeleniumLibrary">
<doc>Maximizes current browser window.</doc>
<status status="PASS" start="2025-01-08T11:56:08.403063" elapsed="0.012862"/>
</kw>
<status status="PASS" start="2025-01-08T11:56:07.949724" elapsed="0.466378"/>
</kw>
<kw name="Acessar a home page do site amazon.com.br" owner="amazon_resources">
<kw name="Go To" owner="SeleniumLibrary">
<msg time="2025-01-08T11:56:08.417058" level="INFO">Opening url 'https://www.amazon.com.br/'</msg>
<arg>url=${URL}</arg>
<doc>Navigates the current browser window to the provided ``url``.</doc>
<status status="PASS" start="2025-01-08T11:56:08.416833" elapsed="6.680904"/>
</kw>
<kw name="Wait Until Element Is Visible" owner="SeleniumLibrary">
<arg>locator=${MENU_ELETRONICOS}</arg>
<doc>Waits until the element ``locator`` is visible.</doc>
<status status="PASS" start="2025-01-08T11:56:15.098055" elapsed="0.037308"/>
</kw>
<status status="PASS" start="2025-01-08T11:56:08.416489" elapsed="6.719120"/>
</kw>
<kw name="Verificar se o título da página fica &quot;Amazon.com.br | Tudo pra você, de A a Z.&quot;" owner="amazon_resources" source_name="Verificar se o título da página fica &quot;${TITULO}&quot;">
<kw name="Title Should Be" owner="SeleniumLibrary">
<msg time="2025-01-08T11:56:15.144163" level="INFO">Page title is 'Amazon.com.br | Tudo pra você, de A a Z.'.</msg>
<arg>title=${TITULO}</arg>
<doc>Verifies that the current page title equals ``title``.</doc>
<status status="PASS" start="2025-01-08T11:56:15.136672" elapsed="0.007661"/>
</kw>
<status status="PASS" start="2025-01-08T11:56:15.136128" elapsed="0.008422"/>
</kw>
<kw name="Entrar no menu &quot;Eletrônicos&quot;" owner="amazon_resources">
<kw name="Click Element" owner="SeleniumLibrary">
<msg time="2025-01-08T11:56:15.145963" level="INFO">Clicking element '//a[@href='/Eletronicos-e-Tecnologia/b/?ie=UTF8&amp;node=16209062011&amp;ref_=nav_cs_electronics'][contains(.,'Eletrônicos')]'.</msg>
<arg>locator=${MENU_ELETRONICOS}</arg>
<doc>Click the element identified by ``locator``.</doc>
<status status="PASS" start="2025-01-08T11:56:15.145503" elapsed="5.950678"/>
</kw>
<status status="PASS" start="2025-01-08T11:56:15.144949" elapsed="5.951428"/>
</kw>
<kw name="Verificar se aparece a frase &quot;Eletrônicos e Tecnologia&quot;" owner="amazon_resources" source_name="Verificar se aparece a frase &quot;${FRASE}&quot;">
<kw name="Wait Until Page Contains" owner="SeleniumLibrary">
<arg>text=${FRASE}</arg>
<doc>Waits until ``text`` appears on the current page.</doc>
<status status="PASS" start="2025-01-08T11:56:21.097281" elapsed="0.025534"/>
</kw>
<kw name="Wait Until Element Is Visible" owner="SeleniumLibrary">
<arg>locator=${H2_ELETRONICOS}</arg>
<doc>Waits until the element ``locator`` is visible.</doc>
<status status="PASS" start="2025-01-08T11:56:21.122993" elapsed="0.016223"/>
</kw>
<status status="PASS" start="2025-01-08T11:56:21.096777" elapsed="0.042578"/>
</kw>
<kw name="Verificar se o título da página fica &quot;Eletrônicos e Tecnologia | Amazon.com.br&quot;" owner="amazon_resources" source_name="Verificar se o título da página fica &quot;${TITULO}&quot;">
<kw name="Title Should Be" owner="SeleniumLibrary">
<msg time="2025-01-08T11:56:21.143750" level="INFO">Page title is 'Eletrônicos e Tecnologia | Amazon.com.br'.</msg>
<arg>title=${TITULO}</arg>
<doc>Verifies that the current page title equals ``title``.</doc>
<status status="PASS" start="2025-01-08T11:56:21.139986" elapsed="0.003871"/>
</kw>
<status status="PASS" start="2025-01-08T11:56:21.139663" elapsed="0.004317"/>
</kw>
<kw name="Verificar se aparece a categoria &quot;Computadores e Informática&quot;" owner="amazon_resources">
<kw name="Element Should Be Visible" owner="SeleniumLibrary">
<msg time="2025-01-08T11:56:21.167479" level="INFO">Element '//img[contains(@alt,'Computadores e Informática')]' is displayed.</msg>
<arg>locator=${IMAGEM_COMPUTADORES}</arg>
<doc>Verifies that the element identified by ``locator`` is visible.</doc>
<status status="PASS" start="2025-01-08T11:56:21.144576" elapsed="0.023044"/>
</kw>
<status status="PASS" start="2025-01-08T11:56:21.144230" elapsed="0.023541"/>
</kw>
<kw name="Fechar o navegador" owner="amazon_resources" type="TEARDOWN">
<kw name="Capture Page Screenshot" owner="SeleniumLibrary">
<msg time="2025-01-08T11:56:21.684413" level="INFO" html="true">&lt;/td&gt;&lt;/tr&gt;&lt;tr&gt;&lt;td colspan="3"&gt;&lt;a href="selenium-screenshot-1.png"&gt;&lt;img src="selenium-screenshot-1.png" width="800px"&gt;&lt;/a&gt;</msg>
<doc>Takes a screenshot of the current page and embeds it into a log file.</doc>
<status status="PASS" start="2025-01-08T11:56:21.168590" elapsed="0.515928"/>
</kw>
<kw name="Close Browser" owner="SeleniumLibrary">
<doc>Closes the current browser.</doc>
<status status="PASS" start="2025-01-08T11:56:21.684659" elapsed="0.094456"/>
</kw>
<status status="PASS" start="2025-01-08T11:56:21.168197" elapsed="0.611097"/>
</kw>
<doc>Verifica o menu eletrônico do site da Amazon.com.br
e verifica a categoria Computadores e Informática</doc>
<tag>categorias</tag>
<tag>menus</tag>
<status status="PASS" start="2025-01-08T11:56:07.949071" elapsed="13.830400"/>
</test>
<test id="s1-t2" name="Caso de Teste 02 - Pesquisa de um produto" line="19">
<kw name="Abrir o navegador" owner="amazon_resources" type="SETUP">
<kw name="Open Browser" owner="SeleniumLibrary">
<msg time="2025-01-08T11:56:21.781031" level="INFO">Opening browser 'chrome' to base url 'None'.</msg>
<arg>browser=chrome</arg>
<doc>Opens a new browser instance to the optional ``url``.</doc>
<status status="PASS" start="2025-01-08T11:56:21.780814" elapsed="0.473949"/>
</kw>
<kw name="Maximize Browser Window" owner="SeleniumLibrary">
<doc>Maximizes current browser window.</doc>
<status status="PASS" start="2025-01-08T11:56:22.254930" elapsed="0.069563"/>
</kw>
<status status="PASS" start="2025-01-08T11:56:21.780470" elapsed="0.544183"/>
</kw>
<kw name="Acessar a home page do site amazon.com.br" owner="amazon_resources">
<kw name="Go To" owner="SeleniumLibrary">
<msg time="2025-01-08T11:56:22.325584" level="INFO">Opening url 'https://www.amazon.com.br/'</msg>
<arg>url=${URL}</arg>
<doc>Navigates the current browser window to the provided ``url``.</doc>
<status status="PASS" start="2025-01-08T11:56:22.325346" elapsed="5.870492"/>
</kw>
<kw name="Wait Until Element Is Visible" owner="SeleniumLibrary">
<arg>locator=${MENU_ELETRONICOS}</arg>
<doc>Waits until the element ``locator`` is visible.</doc>
<status status="PASS" start="2025-01-08T11:56:28.196019" elapsed="0.018389"/>
</kw>
<status status="PASS" start="2025-01-08T11:56:22.324997" elapsed="5.889584"/>
</kw>
<kw name="Digitar o nome do produto &quot;Xbox Series 5&quot; no campo de pesquisa" owner="amazon_resources" source_name="Digitar o nome do produto &quot;${PRODUTO}&quot; no campo de pesquisa">
<kw name="Input Text" owner="SeleniumLibrary">
<msg time="2025-01-08T11:56:28.215580" level="INFO">Typing text 'Xbox Series 5' into text field 'twotabsearchtextbox'.</msg>
<arg>locator=${BARRA_PESQUISAR}</arg>
<arg>text=${PRODUTO}</arg>
<doc>Types the given ``text`` into the text field identified by ``locator``.</doc>
<status status="PASS" start="2025-01-08T11:56:28.215214" elapsed="0.108055"/>
</kw>
<status status="PASS" start="2025-01-08T11:56:28.214864" elapsed="0.108570"/>
</kw>
<kw name="Clicar no botão de pesquisa" owner="amazon_resources">
<kw name="Click Button" owner="SeleniumLibrary">
<msg time="2025-01-08T11:56:28.324429" level="INFO">Clicking button 'nav-search-submit-button'.</msg>
<arg>locator=${BUTTON_PESQUISAR}</arg>
<doc>Clicks the button identified by ``locator``.</doc>
<status status="PASS" start="2025-01-08T11:56:28.324155" elapsed="0.313633"/>
</kw>
<status status="PASS" start="2025-01-08T11:56:28.323739" elapsed="0.314195"/>
</kw>
<kw name="Verificar o resultado da pesquisa se está listando o produto &quot;Xbox Series&quot;" owner="amazon_resources" source_name="Verificar o resultado da pesquisa se está listando o produto &quot;${PRODUTO}&quot;">
<kw name="Wait Until Element Is Visible" owner="SeleniumLibrary">
<arg>locator=(//span[contains(.,'${PRODUTO}')])[3]</arg>
<doc>Waits until the element ``locator`` is visible.</doc>
<status status="PASS" start="2025-01-08T11:56:28.638546" elapsed="1.680938"/>
</kw>
<status status="PASS" start="2025-01-08T11:56:28.638202" elapsed="1.681379"/>
</kw>
<kw name="Fechar o navegador" owner="amazon_resources" type="TEARDOWN">
<kw name="Capture Page Screenshot" owner="SeleniumLibrary">
<msg time="2025-01-08T11:56:30.813433" level="INFO" html="true">&lt;/td&gt;&lt;/tr&gt;&lt;tr&gt;&lt;td colspan="3"&gt;&lt;a href="selenium-screenshot-2.png"&gt;&lt;img src="selenium-screenshot-2.png" width="800px"&gt;&lt;/a&gt;</msg>
<doc>Takes a screenshot of the current page and embeds it into a log file.</doc>
<status status="PASS" start="2025-01-08T11:56:30.320027" elapsed="0.493501"/>
</kw>
<kw name="Close Browser" owner="SeleniumLibrary">
<doc>Closes the current browser.</doc>
<status status="PASS" start="2025-01-08T11:56:30.813670" elapsed="0.109476"/>
</kw>
<status status="PASS" start="2025-01-08T11:56:30.319815" elapsed="0.603504"/>
</kw>
<doc>Verifica a busca de um produto no site da Amazon.com.br</doc>
<tag>busca_produtos</tag>
<tag>lista_busca</tag>
<status status="PASS" start="2025-01-08T11:56:21.779906" elapsed="9.143562"/>
</test>
<doc>Essa suite testa o site da Amazon.com.br</doc>
<status status="PASS" start="2025-01-08T11:56:07.864513" elapsed="23.059599"/>
</suite>
<statistics>
<total>
<stat pass="2" fail="0" skip="0">All Tests</stat>
</total>
<tag>
<stat pass="1" fail="0" skip="0">busca_produtos</stat>
<stat pass="1" fail="0" skip="0">categorias</stat>
<stat pass="1" fail="0" skip="0">lista_busca</stat>
<stat pass="1" fail="0" skip="0">menus</stat>
</tag>
<suite>
<stat pass="2" fail="0" skip="0" id="s1" name="Amazon Testes">Amazon Testes</stat>
</suite>
</statistics>
<errors>
</errors>
</robot>
