<?xml version="1.0" encoding="UTF-8"?>
<robot generator="Robot 7.2.2 (Python 3.12.3 on linux)" generated="2025-03-15T10:01:03.928726" rpa="false" schemaversion="5">
<suite id="s1" name="Post Testes" source="/home/juniorsmartins/Workspace/nomad/accounting/src/robotTest/resources/post_testes.robot">
<test id="s1-t1" name="Cenario 1: cadastrar um novo Cashbook com sucesso" line="7">
<kw name="Gerar body de Cashbook" owner="accounting">
<kw name="Gerar Ano" owner="accounting">
<kw name="Evaluate" owner="BuiltIn">
<msg time="2025-03-15T10:01:04.016416" level="INFO">${ano} = 1989</msg>
<var>${ano}</var>
<arg>random.randint(1800, 2025)</arg>
<arg>modules=random</arg>
<doc>Evaluates the given expression in Python and returns the result.</doc>
<status status="PASS" start="2025-03-15T10:01:04.016066" elapsed="0.002099"/>
</kw>
<kw name="Log" owner="BuiltIn">
<msg time="2025-03-15T10:01:04.018596" level="INFO">Ano gerado: 1989</msg>
<arg>Ano gerado: ${ano}</arg>
<doc>Logs the given message with the given level.</doc>
<status status="PASS" start="2025-03-15T10:01:04.018359" elapsed="0.000332"/>
</kw>
<kw name="Set Test Variable" owner="BuiltIn">
<msg time="2025-03-15T10:01:04.019608" level="INFO">${ANO_TESTE} = 1989</msg>
<arg>${ANO_TESTE}</arg>
<arg>${ano}</arg>
<doc>Makes a variable available everywhere within the scope of the current test.</doc>
<status status="PASS" start="2025-03-15T10:01:04.018826" elapsed="0.000855"/>
</kw>
<return>
<value>${ano}</value>
<status status="PASS" start="2025-03-15T10:01:04.019745" elapsed="0.000077"/>
</return>
<msg time="2025-03-15T10:01:04.019947" level="INFO">${ano} = 1989</msg>
<var>${ano}</var>
<status status="PASS" start="2025-03-15T10:01:04.015572" elapsed="0.004425"/>
</kw>
<kw name="Gerar 11 numeros aleatorios" owner="accounting">
<kw name="Generate Random String" owner="String">
<msg time="2025-03-15T10:01:04.020655" level="INFO">${numeros} = 31677621879</msg>
<var>${numeros}</var>
<arg>length=11</arg>
<arg>chars=[NUMBERS]</arg>
<doc>Generates a string with a desired ``length`` from the given ``chars``.</doc>
<status status="PASS" start="2025-03-15T10:01:04.020394" elapsed="0.000315"/>
</kw>
<kw name="Log" owner="BuiltIn">
<msg time="2025-03-15T10:01:04.020955" level="INFO">Números aleatórios: 31677621879</msg>
<arg>Números aleatórios: ${numeros}</arg>
<doc>Logs the given message with the given level.</doc>
<status status="PASS" start="2025-03-15T10:01:04.020814" elapsed="0.000200"/>
</kw>
<kw name="Set Test Variable" owner="BuiltIn">
<msg time="2025-03-15T10:01:04.021500" level="INFO">${NUMEROS_TESTE} = 31677621879</msg>
<arg>${NUMEROS_TESTE}</arg>
<arg>${numeros}</arg>
<doc>Makes a variable available everywhere within the scope of the current test.</doc>
<status status="PASS" start="2025-03-15T10:01:04.021101" elapsed="0.000470"/>
</kw>
<return>
<value>${numeros}</value>
<status status="PASS" start="2025-03-15T10:01:04.021634" elapsed="0.000063"/>
</return>
<msg time="2025-03-15T10:01:04.021802" level="INFO">${numeros} = 31677621879</msg>
<var>${numeros}</var>
<status status="PASS" start="2025-03-15T10:01:04.020146" elapsed="0.001697"/>
</kw>
<kw name="Create Dictionary" owner="BuiltIn">
<msg time="2025-03-15T10:01:04.022227" level="INFO">${body} = {'yearReference': 1989, 'document': '31677621879'}</msg>
<var>${body}</var>
<arg>yearReference=${ano}</arg>
<arg>document=${numeros}</arg>
<doc>Creates and returns a dictionary based on the given ``items``.</doc>
<status status="PASS" start="2025-03-15T10:01:04.021937" elapsed="0.000335"/>
</kw>
<kw name="Log" owner="BuiltIn">
<msg time="2025-03-15T10:01:04.022488" level="INFO">{'yearReference': 1989, 'document': '31677621879'}</msg>
<arg>${body}</arg>
<doc>Logs the given message with the given level.</doc>
<status status="PASS" start="2025-03-15T10:01:04.022359" elapsed="0.000280"/>
</kw>
<kw name="Set Test Variable" owner="BuiltIn">
<msg time="2025-03-15T10:01:04.023317" level="INFO">${BODY_TESTE} = {'yearReference': 1989, 'document': '31677621879'}</msg>
<arg>${BODY_TESTE}</arg>
<arg>${body}</arg>
<doc>Makes a variable available everywhere within the scope of the current test.</doc>
<status status="PASS" start="2025-03-15T10:01:04.022743" elapsed="0.000658"/>
</kw>
<return>
<value>${body}</value>
<status status="PASS" start="2025-03-15T10:01:04.023459" elapsed="0.000066"/>
</return>
<status status="PASS" start="2025-03-15T10:01:04.014357" elapsed="0.009263"/>
</kw>
<kw name="Post de Cashbook em Accounting" owner="accounting">
<kw name="Criar sessão no Accounting" owner="accounting">
<kw name="Create Dictionary" owner="BuiltIn">
<msg time="2025-03-15T10:01:04.024423" level="INFO">${headers} = {'accept': 'application/json', 'Content-Type': 'application/json'}</msg>
<var>${headers}</var>
<arg>accept=application/json</arg>
<arg>Content-Type=application/json</arg>
<doc>Creates and returns a dictionary based on the given ``items``.</doc>
<status status="PASS" start="2025-03-15T10:01:04.024240" elapsed="0.000236"/>
</kw>
<kw name="Log" owner="BuiltIn">
<msg time="2025-03-15T10:01:04.024691" level="INFO">{'accept': 'application/json', 'Content-Type': 'application/json'}</msg>
<arg>${headers}</arg>
<doc>Logs the given message with the given level.</doc>
<status status="PASS" start="2025-03-15T10:01:04.024566" elapsed="0.000187"/>
</kw>
<kw name="Create Session" owner="RequestsLibrary">
<msg time="2025-03-15T10:01:04.025033" level="INFO">Creating Session using : alias=Accounting, url=http://localhost:9201/api/v1/accounting, headers={'accept': 'application/json', 'Content-Type': 'application/json'},                     cookies={}, auth=None, timeout=None, proxies=None, verify=False,                     debug=0 </msg>
<arg>alias=Accounting</arg>
<arg>url=http://localhost:9201/api/v1/accounting</arg>
<arg>headers=${headers}</arg>
<doc>Create Session: create a HTTP session to a server</doc>
<status status="PASS" start="2025-03-15T10:01:04.024837" elapsed="0.000386"/>
</kw>
<status status="PASS" start="2025-03-15T10:01:04.024042" elapsed="0.001250"/>
</kw>
<kw name="POST On Session" owner="RequestsLibrary">
<msg time="2025-03-15T10:01:04.029237" level="WARN">Retrying (RetryAdapter(total=2, connect=None, read=None, redirect=None, status=None)) after connection broken by 'NewConnectionError('&lt;urllib3.connection.HTTPConnection object at 0x7e56ae2dd250&gt;: Failed to establish a new connection: [Errno 111] Connection refused')': /api/v1/accounting/cashbook</msg>
<msg time="2025-03-15T10:01:04.230445" level="WARN">Retrying (RetryAdapter(total=1, connect=None, read=None, redirect=None, status=None)) after connection broken by 'NewConnectionError('&lt;urllib3.connection.HTTPConnection object at 0x7e56ae2dd9a0&gt;: Failed to establish a new connection: [Errno 111] Connection refused')': /api/v1/accounting/cashbook</msg>
<msg time="2025-03-15T10:01:04.632673" level="WARN">Retrying (RetryAdapter(total=0, connect=None, read=None, redirect=None, status=None)) after connection broken by 'NewConnectionError('&lt;urllib3.connection.HTTPConnection object at 0x7e56ae2ddb80&gt;: Failed to establish a new connection: [Errno 111] Connection refused')': /api/v1/accounting/cashbook</msg>
<msg time="2025-03-15T10:01:04.634223" level="FAIL">ConnectionError: HTTPConnectionPool(host='localhost', port=9201): Max retries exceeded with url: /api/v1/accounting/cashbook (Caused by NewConnectionError('&lt;urllib3.connection.HTTPConnection object at 0x7e56ae2dde20&gt;: Failed to establish a new connection: [Errno 111] Connection refused'))</msg>
<var>${resposta}</var>
<arg>alias=Accounting</arg>
<arg>url=/cashbook</arg>
<arg>json=${BODY_TESTE}</arg>
<arg>expected_status=${status_code_desejado}</arg>
<doc>Sends a POST request on a previously created HTTP Session.</doc>
<status status="FAIL" start="2025-03-15T10:01:04.025381" elapsed="0.616999">ConnectionError: HTTPConnectionPool(host='localhost', port=9201): Max retries exceeded with url: /api/v1/accounting/cashbook (Caused by NewConnectionError('&lt;urllib3.connection.HTTPConnection object at 0x7e56ae2dde20&gt;: Failed to establish a new connection: [Errno 111] Connection refused'))</status>
</kw>
<kw name="Log" owner="BuiltIn">
<arg>${resposta.json()}</arg>
<doc>Logs the given message with the given level.</doc>
<status status="NOT RUN" start="2025-03-15T10:01:04.642683" elapsed="0.000121"/>
</kw>
<kw name="Set Test Variable" owner="BuiltIn">
<arg>${RESPOSTA}</arg>
<arg>${resposta.json()}</arg>
<doc>Makes a variable available everywhere within the scope of the current test.</doc>
<status status="NOT RUN" start="2025-03-15T10:01:04.643081" elapsed="0.000096"/>
</kw>
<arg>status_code_desejado=201</arg>
<status status="FAIL" start="2025-03-15T10:01:04.023788" elapsed="0.619548">ConnectionError: HTTPConnectionPool(host='localhost', port=9201): Max retries exceeded with url: /api/v1/accounting/cashbook (Caused by NewConnectionError('&lt;urllib3.connection.HTTPConnection object at 0x7e56ae2dde20&gt;: Failed to establish a new connection: [Errno 111] Connection refused'))</status>
</kw>
<kw name="Conferir sucesso no Post de Cashbook em Accounting" owner="accounting">
<status status="NOT RUN" start="2025-03-15T10:01:04.643579" elapsed="0.000085"/>
</kw>
<status status="FAIL" start="2025-03-15T10:01:04.013753" elapsed="0.630078">ConnectionError: HTTPConnectionPool(host='localhost', port=9201): Max retries exceeded with url: /api/v1/accounting/cashbook (Caused by NewConnectionError('&lt;urllib3.connection.HTTPConnection object at 0x7e56ae2dde20&gt;: Failed to establish a new connection: [Errno 111] Connection refused'))</status>
</test>
<test id="s1-t2" name="Cenário 2: cadastrar um Cashbook existente com falha" line="12">
<kw name="Gerar body de Cashbook" owner="accounting">
<kw name="Gerar Ano" owner="accounting">
<kw name="Evaluate" owner="BuiltIn">
<msg time="2025-03-15T10:01:04.645957" level="INFO">${ano} = 1839</msg>
<var>${ano}</var>
<arg>random.randint(1800, 2025)</arg>
<arg>modules=random</arg>
<doc>Evaluates the given expression in Python and returns the result.</doc>
<status status="PASS" start="2025-03-15T10:01:04.645464" elapsed="0.000627"/>
</kw>
<kw name="Log" owner="BuiltIn">
<msg time="2025-03-15T10:01:04.646524" level="INFO">Ano gerado: 1839</msg>
<arg>Ano gerado: ${ano}</arg>
<doc>Logs the given message with the given level.</doc>
<status status="PASS" start="2025-03-15T10:01:04.646318" elapsed="0.000283"/>
</kw>
<kw name="Set Test Variable" owner="BuiltIn">
<msg time="2025-03-15T10:01:04.647225" level="INFO">${ANO_TESTE} = 1839</msg>
<arg>${ANO_TESTE}</arg>
<arg>${ano}</arg>
<doc>Makes a variable available everywhere within the scope of the current test.</doc>
<status status="PASS" start="2025-03-15T10:01:04.646713" elapsed="0.000583"/>
</kw>
<return>
<value>${ano}</value>
<status status="PASS" start="2025-03-15T10:01:04.647352" elapsed="0.000072"/>
</return>
<msg time="2025-03-15T10:01:04.647526" level="INFO">${ano} = 1839</msg>
<var>${ano}</var>
<status status="PASS" start="2025-03-15T10:01:04.645197" elapsed="0.002369"/>
</kw>
<kw name="Gerar 11 numeros aleatorios" owner="accounting">
<kw name="Generate Random String" owner="String">
<msg time="2025-03-15T10:01:04.648095" level="INFO">${numeros} = 27473158300</msg>
<var>${numeros}</var>
<arg>length=11</arg>
<arg>chars=[NUMBERS]</arg>
<doc>Generates a string with a desired ``length`` from the given ``chars``.</doc>
<status status="PASS" start="2025-03-15T10:01:04.647883" elapsed="0.000264"/>
</kw>
<kw name="Log" owner="BuiltIn">
<msg time="2025-03-15T10:01:04.648359" level="INFO">Números aleatórios: 27473158300</msg>
<arg>Números aleatórios: ${numeros}</arg>
<doc>Logs the given message with the given level.</doc>
<status status="PASS" start="2025-03-15T10:01:04.648238" elapsed="0.000192"/>
</kw>
<kw name="Set Test Variable" owner="BuiltIn">
<msg time="2025-03-15T10:01:04.648880" level="INFO">${NUMEROS_TESTE} = 27473158300</msg>
<arg>${NUMEROS_TESTE}</arg>
<arg>${numeros}</arg>
<doc>Makes a variable available everywhere within the scope of the current test.</doc>
<status status="PASS" start="2025-03-15T10:01:04.648515" elapsed="0.000421"/>
</kw>
<return>
<value>${numeros}</value>
<status status="PASS" start="2025-03-15T10:01:04.648984" elapsed="0.000054"/>
</return>
<msg time="2025-03-15T10:01:04.649134" level="INFO">${numeros} = 27473158300</msg>
<var>${numeros}</var>
<status status="PASS" start="2025-03-15T10:01:04.647689" elapsed="0.001483"/>
</kw>
<kw name="Create Dictionary" owner="BuiltIn">
<msg time="2025-03-15T10:01:04.649507" level="INFO">${body} = {'yearReference': 1839, 'document': '27473158300'}</msg>
<var>${body}</var>
<arg>yearReference=${ano}</arg>
<arg>document=${numeros}</arg>
<doc>Creates and returns a dictionary based on the given ``items``.</doc>
<status status="PASS" start="2025-03-15T10:01:04.649256" elapsed="0.000297"/>
</kw>
<kw name="Log" owner="BuiltIn">
<msg time="2025-03-15T10:01:04.649746" level="INFO">{'yearReference': 1839, 'document': '27473158300'}</msg>
<arg>${body}</arg>
<doc>Logs the given message with the given level.</doc>
<status status="PASS" start="2025-03-15T10:01:04.649638" elapsed="0.000159"/>
</kw>
<kw name="Set Test Variable" owner="BuiltIn">
<msg time="2025-03-15T10:01:04.650250" level="INFO">${BODY_TESTE} = {'yearReference': 1839, 'document': '27473158300'}</msg>
<arg>${BODY_TESTE}</arg>
<arg>${body}</arg>
<doc>Makes a variable available everywhere within the scope of the current test.</doc>
<status status="PASS" start="2025-03-15T10:01:04.649875" elapsed="0.000436"/>
</kw>
<return>
<value>${body}</value>
<status status="PASS" start="2025-03-15T10:01:04.650359" elapsed="0.000057"/>
</return>
<status status="PASS" start="2025-03-15T10:01:04.644612" elapsed="0.005884"/>
</kw>
<kw name="Post de Cashbook em Accounting" owner="accounting">
<kw name="Criar sessão no Accounting" owner="accounting">
<kw name="Create Dictionary" owner="BuiltIn">
<msg time="2025-03-15T10:01:04.651142" level="INFO">${headers} = {'accept': 'application/json', 'Content-Type': 'application/json'}</msg>
<var>${headers}</var>
<arg>accept=application/json</arg>
<arg>Content-Type=application/json</arg>
<doc>Creates and returns a dictionary based on the given ``items``.</doc>
<status status="PASS" start="2025-03-15T10:01:04.651003" elapsed="0.000179"/>
</kw>
<kw name="Log" owner="BuiltIn">
<msg time="2025-03-15T10:01:04.651381" level="INFO">{'accept': 'application/json', 'Content-Type': 'application/json'}</msg>
<arg>${headers}</arg>
<doc>Logs the given message with the given level.</doc>
<status status="PASS" start="2025-03-15T10:01:04.651262" elapsed="0.000172"/>
</kw>
<kw name="Create Session" owner="RequestsLibrary">
<msg time="2025-03-15T10:01:04.651664" level="INFO">Creating Session using : alias=Accounting, url=http://localhost:9201/api/v1/accounting, headers={'accept': 'application/json', 'Content-Type': 'application/json'},                     cookies={}, auth=None, timeout=None, proxies=None, verify=False,                     debug=0 </msg>
<arg>alias=Accounting</arg>
<arg>url=http://localhost:9201/api/v1/accounting</arg>
<arg>headers=${headers}</arg>
<doc>Create Session: create a HTTP session to a server</doc>
<status status="PASS" start="2025-03-15T10:01:04.651513" elapsed="0.000371"/>
</kw>
<status status="PASS" start="2025-03-15T10:01:04.650828" elapsed="0.001117"/>
</kw>
<kw name="POST On Session" owner="RequestsLibrary">
<msg time="2025-03-15T10:01:04.652923" level="WARN">Retrying (RetryAdapter(total=2, connect=None, read=None, redirect=None, status=None)) after connection broken by 'NewConnectionError('&lt;urllib3.connection.HTTPConnection object at 0x7e56ae374f50&gt;: Failed to establish a new connection: [Errno 111] Connection refused')': /api/v1/accounting/cashbook</msg>
<msg time="2025-03-15T10:01:04.853669" level="WARN">Retrying (RetryAdapter(total=1, connect=None, read=None, redirect=None, status=None)) after connection broken by 'NewConnectionError('&lt;urllib3.connection.HTTPConnection object at 0x7e56ae375b80&gt;: Failed to establish a new connection: [Errno 111] Connection refused')': /api/v1/accounting/cashbook</msg>
<msg time="2025-03-15T10:01:05.254788" level="WARN">Retrying (RetryAdapter(total=0, connect=None, read=None, redirect=None, status=None)) after connection broken by 'NewConnectionError('&lt;urllib3.connection.HTTPConnection object at 0x7e56ae2dfdd0&gt;: Failed to establish a new connection: [Errno 111] Connection refused')': /api/v1/accounting/cashbook</msg>
<msg time="2025-03-15T10:01:05.256405" level="FAIL">ConnectionError: HTTPConnectionPool(host='localhost', port=9201): Max retries exceeded with url: /api/v1/accounting/cashbook (Caused by NewConnectionError('&lt;urllib3.connection.HTTPConnection object at 0x7e56af974740&gt;: Failed to establish a new connection: [Errno 111] Connection refused'))</msg>
<var>${resposta}</var>
<arg>alias=Accounting</arg>
<arg>url=/cashbook</arg>
<arg>json=${BODY_TESTE}</arg>
<arg>expected_status=${status_code_desejado}</arg>
<doc>Sends a POST request on a previously created HTTP Session.</doc>
<status status="FAIL" start="2025-03-15T10:01:04.652020" elapsed="0.606723">ConnectionError: HTTPConnectionPool(host='localhost', port=9201): Max retries exceeded with url: /api/v1/accounting/cashbook (Caused by NewConnectionError('&lt;urllib3.connection.HTTPConnection object at 0x7e56af974740&gt;: Failed to establish a new connection: [Errno 111] Connection refused'))</status>
</kw>
<kw name="Log" owner="BuiltIn">
<arg>${resposta.json()}</arg>
<doc>Logs the given message with the given level.</doc>
<status status="NOT RUN" start="2025-03-15T10:01:05.259024" elapsed="0.000113"/>
</kw>
<kw name="Set Test Variable" owner="BuiltIn">
<arg>${RESPOSTA}</arg>
<arg>${resposta.json()}</arg>
<doc>Makes a variable available everywhere within the scope of the current test.</doc>
<status status="NOT RUN" start="2025-03-15T10:01:05.259293" elapsed="0.000092"/>
</kw>
<arg>status_code_desejado=201</arg>
<status status="FAIL" start="2025-03-15T10:01:04.650606" elapsed="0.608929">ConnectionError: HTTPConnectionPool(host='localhost', port=9201): Max retries exceeded with url: /api/v1/accounting/cashbook (Caused by NewConnectionError('&lt;urllib3.connection.HTTPConnection object at 0x7e56af974740&gt;: Failed to establish a new connection: [Errno 111] Connection refused'))</status>
</kw>
<kw name="Conferir sucesso no Post de Cashbook em Accounting" owner="accounting">
<status status="NOT RUN" start="2025-03-15T10:01:05.259761" elapsed="0.000090"/>
</kw>
<kw name="Repetir Post de Cashbook em Accounting" owner="accounting">
<status status="NOT RUN" start="2025-03-15T10:01:05.259999" elapsed="0.000075"/>
</kw>
<kw name="Conferir falha no Post repetido de Cashbook em Accounting" owner="accounting">
<status status="NOT RUN" start="2025-03-15T10:01:05.260210" elapsed="0.000068"/>
</kw>
<status status="FAIL" start="2025-03-15T10:01:04.644183" elapsed="0.616267">ConnectionError: HTTPConnectionPool(host='localhost', port=9201): Max retries exceeded with url: /api/v1/accounting/cashbook (Caused by NewConnectionError('&lt;urllib3.connection.HTTPConnection object at 0x7e56af974740&gt;: Failed to establish a new connection: [Errno 111] Connection refused'))</status>
</test>
<test id="s1-t3" name="Cenário 3: consultar um Cashbook por id com sucesso" line="19">
<kw name="Gerar body de Cashbook" owner="accounting">
<kw name="Gerar Ano" owner="accounting">
<kw name="Evaluate" owner="BuiltIn">
<msg time="2025-03-15T10:01:05.262041" level="INFO">${ano} = 1887</msg>
<var>${ano}</var>
<arg>random.randint(1800, 2025)</arg>
<arg>modules=random</arg>
<doc>Evaluates the given expression in Python and returns the result.</doc>
<status status="PASS" start="2025-03-15T10:01:05.261756" elapsed="0.000354"/>
</kw>
<kw name="Log" owner="BuiltIn">
<msg time="2025-03-15T10:01:05.262394" level="INFO">Ano gerado: 1887</msg>
<arg>Ano gerado: ${ano}</arg>
<doc>Logs the given message with the given level.</doc>
<status status="PASS" start="2025-03-15T10:01:05.262228" elapsed="0.000237"/>
</kw>
<kw name="Set Test Variable" owner="BuiltIn">
<msg time="2025-03-15T10:01:05.263081" level="INFO">${ANO_TESTE} = 1887</msg>
<arg>${ANO_TESTE}</arg>
<arg>${ano}</arg>
<doc>Makes a variable available everywhere within the scope of the current test.</doc>
<status status="PASS" start="2025-03-15T10:01:05.262566" elapsed="0.000608"/>
</kw>
<return>
<value>${ano}</value>
<status status="PASS" start="2025-03-15T10:01:05.263240" elapsed="0.000068"/>
</return>
<msg time="2025-03-15T10:01:05.263423" level="INFO">${ano} = 1887</msg>
<var>${ano}</var>
<status status="PASS" start="2025-03-15T10:01:05.261511" elapsed="0.001961"/>
</kw>
<kw name="Gerar 11 numeros aleatorios" owner="accounting">
<kw name="Generate Random String" owner="String">
<msg time="2025-03-15T10:01:05.264051" level="INFO">${numeros} = 02461973631</msg>
<var>${numeros}</var>
<arg>length=11</arg>
<arg>chars=[NUMBERS]</arg>
<doc>Generates a string with a desired ``length`` from the given ``chars``.</doc>
<status status="PASS" start="2025-03-15T10:01:05.263834" elapsed="0.000273"/>
</kw>
<kw name="Log" owner="BuiltIn">
<msg time="2025-03-15T10:01:05.264318" level="INFO">Números aleatórios: 02461973631</msg>
<arg>Números aleatórios: ${numeros}</arg>
<doc>Logs the given message with the given level.</doc>
<status status="PASS" start="2025-03-15T10:01:05.264200" elapsed="0.000183"/>
</kw>
<kw name="Set Test Variable" owner="BuiltIn">
<msg time="2025-03-15T10:01:05.264874" level="INFO">${NUMEROS_TESTE} = 02461973631</msg>
<arg>${NUMEROS_TESTE}</arg>
<arg>${numeros}</arg>
<doc>Makes a variable available everywhere within the scope of the current test.</doc>
<status status="PASS" start="2025-03-15T10:01:05.264472" elapsed="0.000462"/>
</kw>
<return>
<value>${numeros}</value>
<status status="PASS" start="2025-03-15T10:01:05.264983" elapsed="0.000052"/>
</return>
<msg time="2025-03-15T10:01:05.265122" level="INFO">${numeros} = 02461973631</msg>
<var>${numeros}</var>
<status status="PASS" start="2025-03-15T10:01:05.263616" elapsed="0.001540"/>
</kw>
<kw name="Create Dictionary" owner="BuiltIn">
<msg time="2025-03-15T10:01:05.265418" level="INFO">${body} = {'yearReference': 1887, 'document': '02461973631'}</msg>
<var>${body}</var>
<arg>yearReference=${ano}</arg>
<arg>document=${numeros}</arg>
<doc>Creates and returns a dictionary based on the given ``items``.</doc>
<status status="PASS" start="2025-03-15T10:01:05.265233" elapsed="0.000235"/>
</kw>
<kw name="Log" owner="BuiltIn">
<msg time="2025-03-15T10:01:05.265666" level="INFO">{'yearReference': 1887, 'document': '02461973631'}</msg>
<arg>${body}</arg>
<doc>Logs the given message with the given level.</doc>
<status status="PASS" start="2025-03-15T10:01:05.265556" elapsed="0.000304"/>
</kw>
<kw name="Set Test Variable" owner="BuiltIn">
<msg time="2025-03-15T10:01:05.266367" level="INFO">${BODY_TESTE} = {'yearReference': 1887, 'document': '02461973631'}</msg>
<arg>${BODY_TESTE}</arg>
<arg>${body}</arg>
<doc>Makes a variable available everywhere within the scope of the current test.</doc>
<status status="PASS" start="2025-03-15T10:01:05.265943" elapsed="0.000489"/>
</kw>
<return>
<value>${body}</value>
<status status="PASS" start="2025-03-15T10:01:05.266481" elapsed="0.000049"/>
</return>
<status status="PASS" start="2025-03-15T10:01:05.261197" elapsed="0.005409"/>
</kw>
<kw name="Post de Cashbook em Accounting" owner="accounting">
<kw name="Criar sessão no Accounting" owner="accounting">
<kw name="Create Dictionary" owner="BuiltIn">
<msg time="2025-03-15T10:01:05.267228" level="INFO">${headers} = {'accept': 'application/json', 'Content-Type': 'application/json'}</msg>
<var>${headers}</var>
<arg>accept=application/json</arg>
<arg>Content-Type=application/json</arg>
<doc>Creates and returns a dictionary based on the given ``items``.</doc>
<status status="PASS" start="2025-03-15T10:01:05.267089" elapsed="0.000179"/>
</kw>
<kw name="Log" owner="BuiltIn">
<msg time="2025-03-15T10:01:05.267457" level="INFO">{'accept': 'application/json', 'Content-Type': 'application/json'}</msg>
<arg>${headers}</arg>
<doc>Logs the given message with the given level.</doc>
<status status="PASS" start="2025-03-15T10:01:05.267347" elapsed="0.000161"/>
</kw>
<kw name="Create Session" owner="RequestsLibrary">
<msg time="2025-03-15T10:01:05.267735" level="INFO">Creating Session using : alias=Accounting, url=http://localhost:9201/api/v1/accounting, headers={'accept': 'application/json', 'Content-Type': 'application/json'},                     cookies={}, auth=None, timeout=None, proxies=None, verify=False,                     debug=0 </msg>
<arg>alias=Accounting</arg>
<arg>url=http://localhost:9201/api/v1/accounting</arg>
<arg>headers=${headers}</arg>
<doc>Create Session: create a HTTP session to a server</doc>
<status status="PASS" start="2025-03-15T10:01:05.267586" elapsed="0.000296"/>
</kw>
<status status="PASS" start="2025-03-15T10:01:05.266920" elapsed="0.001019"/>
</kw>
<kw name="POST On Session" owner="RequestsLibrary">
<msg time="2025-03-15T10:01:05.268911" level="WARN">Retrying (RetryAdapter(total=2, connect=None, read=None, redirect=None, status=None)) after connection broken by 'NewConnectionError('&lt;urllib3.connection.HTTPConnection object at 0x7e56ae375640&gt;: Failed to establish a new connection: [Errno 111] Connection refused')': /api/v1/accounting/cashbook</msg>
<msg time="2025-03-15T10:01:05.470146" level="WARN">Retrying (RetryAdapter(total=1, connect=None, read=None, redirect=None, status=None)) after connection broken by 'NewConnectionError('&lt;urllib3.connection.HTTPConnection object at 0x7e56ae377890&gt;: Failed to establish a new connection: [Errno 111] Connection refused')': /api/v1/accounting/cashbook</msg>
<msg time="2025-03-15T10:01:05.872048" level="WARN">Retrying (RetryAdapter(total=0, connect=None, read=None, redirect=None, status=None)) after connection broken by 'NewConnectionError('&lt;urllib3.connection.HTTPConnection object at 0x7e56ae377230&gt;: Failed to establish a new connection: [Errno 111] Connection refused')': /api/v1/accounting/cashbook</msg>
<msg time="2025-03-15T10:01:05.874200" level="FAIL">ConnectionError: HTTPConnectionPool(host='localhost', port=9201): Max retries exceeded with url: /api/v1/accounting/cashbook (Caused by NewConnectionError('&lt;urllib3.connection.HTTPConnection object at 0x7e56ae376c00&gt;: Failed to establish a new connection: [Errno 111] Connection refused'))</msg>
<var>${resposta}</var>
<arg>alias=Accounting</arg>
<arg>url=/cashbook</arg>
<arg>json=${BODY_TESTE}</arg>
<arg>expected_status=${status_code_desejado}</arg>
<doc>Sends a POST request on a previously created HTTP Session.</doc>
<status status="FAIL" start="2025-03-15T10:01:05.268011" elapsed="0.609575">ConnectionError: HTTPConnectionPool(host='localhost', port=9201): Max retries exceeded with url: /api/v1/accounting/cashbook (Caused by NewConnectionError('&lt;urllib3.connection.HTTPConnection object at 0x7e56ae376c00&gt;: Failed to establish a new connection: [Errno 111] Connection refused'))</status>
</kw>
<kw name="Log" owner="BuiltIn">
<arg>${resposta.json()}</arg>
<doc>Logs the given message with the given level.</doc>
<status status="NOT RUN" start="2025-03-15T10:01:05.877955" elapsed="0.000158"/>
</kw>
<kw name="Set Test Variable" owner="BuiltIn">
<arg>${RESPOSTA}</arg>
<arg>${resposta.json()}</arg>
<doc>Makes a variable available everywhere within the scope of the current test.</doc>
<status status="NOT RUN" start="2025-03-15T10:01:05.878326" elapsed="0.000182"/>
</kw>
<arg>status_code_desejado=201</arg>
<status status="FAIL" start="2025-03-15T10:01:05.266706" elapsed="0.612002">ConnectionError: HTTPConnectionPool(host='localhost', port=9201): Max retries exceeded with url: /api/v1/accounting/cashbook (Caused by NewConnectionError('&lt;urllib3.connection.HTTPConnection object at 0x7e56ae376c00&gt;: Failed to establish a new connection: [Errno 111] Connection refused'))</status>
</kw>
<kw name="Conferir sucesso no Post de Cashbook em Accounting" owner="accounting">
<status status="NOT RUN" start="2025-03-15T10:01:05.879036" elapsed="0.000129"/>
</kw>
<kw name="Consultar cadastro de Cashbook por Id em Accounting" owner="accounting">
<arg>status_code_desejado=200</arg>
<status status="NOT RUN" start="2025-03-15T10:01:05.879408" elapsed="0.000113"/>
</kw>
<kw name="Conferir dados retornados do Get de Cashbook em Accounting" owner="accounting">
<status status="NOT RUN" start="2025-03-15T10:01:05.879732" elapsed="0.000095"/>
</kw>
<status status="FAIL" start="2025-03-15T10:01:05.260798" elapsed="0.619237">ConnectionError: HTTPConnectionPool(host='localhost', port=9201): Max retries exceeded with url: /api/v1/accounting/cashbook (Caused by NewConnectionError('&lt;urllib3.connection.HTTPConnection object at 0x7e56ae376c00&gt;: Failed to establish a new connection: [Errno 111] Connection refused'))</status>
</test>
<status status="FAIL" start="2025-03-15T10:01:03.933714" elapsed="1.947027"/>
</suite>
<statistics>
<total>
<stat pass="0" fail="3" skip="0">All Tests</stat>
</total>
<tag>
</tag>
<suite>
<stat name="Post Testes" id="s1" pass="0" fail="3" skip="0">Post Testes</stat>
</suite>
</statistics>
<errors>
<msg time="2025-03-15T10:01:04.029237" level="WARN">Retrying (RetryAdapter(total=2, connect=None, read=None, redirect=None, status=None)) after connection broken by 'NewConnectionError('&lt;urllib3.connection.HTTPConnection object at 0x7e56ae2dd250&gt;: Failed to establish a new connection: [Errno 111] Connection refused')': /api/v1/accounting/cashbook</msg>
<msg time="2025-03-15T10:01:04.230445" level="WARN">Retrying (RetryAdapter(total=1, connect=None, read=None, redirect=None, status=None)) after connection broken by 'NewConnectionError('&lt;urllib3.connection.HTTPConnection object at 0x7e56ae2dd9a0&gt;: Failed to establish a new connection: [Errno 111] Connection refused')': /api/v1/accounting/cashbook</msg>
<msg time="2025-03-15T10:01:04.632673" level="WARN">Retrying (RetryAdapter(total=0, connect=None, read=None, redirect=None, status=None)) after connection broken by 'NewConnectionError('&lt;urllib3.connection.HTTPConnection object at 0x7e56ae2ddb80&gt;: Failed to establish a new connection: [Errno 111] Connection refused')': /api/v1/accounting/cashbook</msg>
<msg time="2025-03-15T10:01:04.652923" level="WARN">Retrying (RetryAdapter(total=2, connect=None, read=None, redirect=None, status=None)) after connection broken by 'NewConnectionError('&lt;urllib3.connection.HTTPConnection object at 0x7e56ae374f50&gt;: Failed to establish a new connection: [Errno 111] Connection refused')': /api/v1/accounting/cashbook</msg>
<msg time="2025-03-15T10:01:04.853669" level="WARN">Retrying (RetryAdapter(total=1, connect=None, read=None, redirect=None, status=None)) after connection broken by 'NewConnectionError('&lt;urllib3.connection.HTTPConnection object at 0x7e56ae375b80&gt;: Failed to establish a new connection: [Errno 111] Connection refused')': /api/v1/accounting/cashbook</msg>
<msg time="2025-03-15T10:01:05.254788" level="WARN">Retrying (RetryAdapter(total=0, connect=None, read=None, redirect=None, status=None)) after connection broken by 'NewConnectionError('&lt;urllib3.connection.HTTPConnection object at 0x7e56ae2dfdd0&gt;: Failed to establish a new connection: [Errno 111] Connection refused')': /api/v1/accounting/cashbook</msg>
<msg time="2025-03-15T10:01:05.268911" level="WARN">Retrying (RetryAdapter(total=2, connect=None, read=None, redirect=None, status=None)) after connection broken by 'NewConnectionError('&lt;urllib3.connection.HTTPConnection object at 0x7e56ae375640&gt;: Failed to establish a new connection: [Errno 111] Connection refused')': /api/v1/accounting/cashbook</msg>
<msg time="2025-03-15T10:01:05.470146" level="WARN">Retrying (RetryAdapter(total=1, connect=None, read=None, redirect=None, status=None)) after connection broken by 'NewConnectionError('&lt;urllib3.connection.HTTPConnection object at 0x7e56ae377890&gt;: Failed to establish a new connection: [Errno 111] Connection refused')': /api/v1/accounting/cashbook</msg>
<msg time="2025-03-15T10:01:05.872048" level="WARN">Retrying (RetryAdapter(total=0, connect=None, read=None, redirect=None, status=None)) after connection broken by 'NewConnectionError('&lt;urllib3.connection.HTTPConnection object at 0x7e56ae377230&gt;: Failed to establish a new connection: [Errno 111] Connection refused')': /api/v1/accounting/cashbook</msg>
</errors>
</robot>
