<?xml version="1.0" encoding="UTF-8"?>
<robot generator="Robot 7.1.1 (Python 3.12.8 on linux)" generated="2025-01-14T11:35:14.721288" rpa="false" schemaversion="5">
<suite id="s1" name="Exemplos Tipos Variaveis" source="/home/juniorsmartins/workspace/nomad/robot_framework/web_testing/exemplos_tipos_variaveis.robot">
<test id="s1-t1" name="Caso de teste de exemplo 01" line="15">
<kw name="Uma keyword qualquer 01">
<kw name="Log" owner="BuiltIn">
<msg time="2025-01-14T11:35:14.736971" level="INFO">Vamos ver os tipos de variáveis no Robot!</msg>
<arg>${SIMPLES}</arg>
<doc>Logs the given message with the given level.</doc>
<status status="PASS" start="2025-01-14T11:35:14.736873" elapsed="0.000137"/>
</kw>
<kw name="Log" owner="BuiltIn">
<msg time="2025-01-14T11:35:14.737573" level="INFO">Essa tem que ser maça: maça e essa tem que ser morango: morango</msg>
<arg>Essa tem que ser maça: ${FRUTAS[2]} e essa tem que ser morango: ${FRUTAS[0]}</arg>
<doc>Logs the given message with the given level.</doc>
<status status="PASS" start="2025-01-14T11:35:14.737082" elapsed="0.000521"/>
</kw>
<kw name="Log" owner="BuiltIn">
<msg time="2025-01-14T11:35:14.738022" level="INFO">Nome: Apollo Creed e email: apollo_creed@email.com</msg>
<arg>Nome: ${PESSOA.nome} e email: ${PESSOA.email}</arg>
<doc>Logs the given message with the given level.</doc>
<status status="PASS" start="2025-01-14T11:35:14.737671" elapsed="0.000376"/>
</kw>
<status status="PASS" start="2025-01-14T11:35:14.736608" elapsed="0.001476"/>
</kw>
<status status="PASS" start="2025-01-14T11:35:14.736245" elapsed="0.001918"/>
</test>
<doc>Exemplos de tipos de variáveis: SIMPLES, LISTAS E DICIONÁRIOS</doc>
<status status="PASS" start="2025-01-14T11:35:14.721892" elapsed="0.016468"/>
</suite>
<statistics>
<total>
<stat pass="1" fail="0" skip="0">All Tests</stat>
</total>
<tag>
</tag>
<suite>
<stat pass="1" fail="0" skip="0" id="s1" name="Exemplos Tipos Variaveis">Exemplos Tipos Variaveis</stat>
</suite>
</statistics>
<errors>
</errors>
</robot>
